2025-04-22 16:29:18,882 - INFO - Preds shape: (977, 24, 6), Trues shape: (977, 24, 6)
2025-04-22 16:29:18,884 - INFO - Preds: [[ 4.76531743e-04  5.25811434e+00  1.40413561e+01  4.23054266e+00
   6.00033379e+00  1.48080168e+01]
 [-9.19753688e-07  5.69396305e+00  1.50306530e+01  3.97069407e+00
   5.99958229e+00  1.40482349e+01]
 [ 4.37278795e-05  5.88685083e+00  1.65197449e+01  4.09072590e+00
   6.00033092e+00  1.45443087e+01]
 [-2.72095465e-04  6.45814085e+00  1.95407295e+01  3.91429019e+00
   6.00066137e+00  1.44453440e+01]
 [ 3.45556007e-04  6.32955790e+00  2.01408958e+01  3.96662068e+00
   6.00188160e+00  1.50157003e+01]
 [-1.13264206e-04  6.97555447e+00  2.18861942e+01  3.60110211e+00
   6.00142097e+00  1.43524189e+01]
 [ 2.58042593e-04  6.12990570e+00  1.77625542e+01  3.80984426e+00
   6.00077534e+00  1.46814213e+01]
 [-3.29001959e-05  6.21558285e+00  1.74895477e+01  4.10430193e+00
   6.00135565e+00  1.45697021e+01]
 [-2.22178132e-04  6.45704269e+00  1.70254326e+01  3.96348715e+00
   6.00363016e+00  1.48073597e+01]
 [-3.66435088e-05  4.40107012e+00  1.02569799e+01  3.83176446e+00
   6.00255871e+00  1.54767075e+01]
 [ 3.74668889e-04  2.66262293e+00  6.91368294e+00  4.67255783e+00
   6.00059557e+00  1.46687174e+01]
 [ 7.01290322e-04  2.08910298e+00  4.55038595e+00  4.46423674e+00
   6.00078154e+00  1.49612942e+01]
 [ 2.27092678e-04  1.31478691e+00  6.80580378e-01  3.97639656e+00
   6.00210238e+00  1.47849712e+01]
 [ 3.07831069e-04  1.08030963e+00  2.71035504e+00  4.07078838e+00
   5.99895096e+00  1.47779856e+01]
 [-2.07220713e-04  1.21674800e+00  9.06887293e-01  3.67302132e+00
   6.00090313e+00  1.48925619e+01]
 [-7.72588974e-05  1.99529362e+00  2.84468675e+00  3.82608414e+00
   6.00043964e+00  1.47583876e+01]
 [-6.54213873e-05  2.70797539e+00  3.91878390e+00  3.80970263e+00
   6.00172710e+00  1.46024370e+01]
 [-3.81289137e-04  3.55720639e+00  6.11936951e+00  4.15309429e+00
   6.00075960e+00  1.44798775e+01]
 [-2.20522452e-05  3.72895956e+00  7.97010279e+00  3.83085585e+00
   6.00231171e+00  1.46699820e+01]
 [ 8.39386048e-05  3.87172103e+00  7.31034613e+00  4.31575823e+00
   6.00073814e+00  1.44005594e+01]
 [-1.30021421e-04  5.79842186e+00  1.33892803e+01  3.78380609e+00
   6.00254250e+00  1.49455023e+01]
 [ 6.93357200e-04  5.61011219e+00  1.18982544e+01  4.58966160e+00
   6.00103998e+00  1.44551706e+01]
 [ 6.03847322e-04  5.99860954e+00  1.50691872e+01  4.22035217e+00
   6.00197411e+00  1.46490555e+01]
 [ 6.62870065e-04  6.01031256e+00  1.62857361e+01  4.12777758e+00
   6.00145674e+00  1.46757135e+01]]
2025-04-22 16:29:18,886 - INFO - Trues: [[0.0000000e+00 5.6008630e+00 1.5000000e+01 4.0000000e+00 6.0000000e+00
  1.6000000e+01]
 [0.0000000e+00 5.7365398e+00 1.6000000e+01 4.0000000e+00 6.0000000e+00
  1.6000000e+01]
 [0.0000000e+00 5.7910624e+00 1.7000000e+01 4.0000000e+00 6.0000000e+00
  1.6000000e+01]
 [0.0000000e+00 5.9070301e+00 1.8000000e+01 4.0000000e+00 6.0000000e+00
  1.6000000e+01]
 [0.0000000e+00 5.6785064e+00 1.9000000e+01 4.0000000e+00 6.0000000e+00
  1.6000000e+01]
 [0.0000000e+00 5.6779051e+00 2.0000000e+01 4.0000000e+00 6.0000000e+00
  1.6000000e+01]
 [0.0000000e+00 5.6753316e+00 2.1000000e+01 4.0000000e+00 6.0000000e+00
  1.6000000e+01]
 [0.0000000e+00 5.8174601e+00 2.2000000e+01 4.0000000e+00 6.0000000e+00
  1.6000000e+01]
 [0.0000000e+00 5.7355280e+00 2.3000000e+01 4.0000000e+00 6.0000000e+00
  1.6000000e+01]
 [0.0000000e+00 4.7884750e+00 2.4666340e-07 5.0000000e+00 6.0000000e+00
  1.7000000e+01]
 [0.0000000e+00 2.6708074e+00 1.0000002e+00 5.0000000e+00 6.0000000e+00
  1.7000000e+01]
 [0.0000000e+00 1.3398864e+00 2.0000002e+00 5.0000000e+00 6.0000000e+00
  1.7000000e+01]
 [0.0000000e+00 7.7338076e-01 3.0000002e+00 5.0000000e+00 6.0000000e+00
  1.7000000e+01]
 [0.0000000e+00 5.7324648e-01 4.0000005e+00 5.0000000e+00 6.0000000e+00
  1.7000000e+01]
 [0.0000000e+00 7.7761102e-01 5.0000000e+00 5.0000000e+00 6.0000000e+00
  1.7000000e+01]
 [0.0000000e+00 1.4434488e+00 6.0000000e+00 5.0000000e+00 6.0000000e+00
  1.7000000e+01]
 [0.0000000e+00 2.7569711e+00 7.0000000e+00 5.0000000e+00 6.0000000e+00
  1.7000000e+01]
 [0.0000000e+00 3.9197555e+00 8.0000000e+00 5.0000000e+00 6.0000000e+00
  1.7000000e+01]
 [0.0000000e+00 4.6178298e+00 9.0000000e+00 5.0000000e+00 6.0000000e+00
  1.7000000e+01]
 [0.0000000e+00 5.1320186e+00 1.0000000e+01 5.0000000e+00 6.0000000e+00
  1.7000000e+01]
 [0.0000000e+00 5.6233931e+00 1.1000000e+01 5.0000000e+00 6.0000000e+00
  1.7000000e+01]
 [0.0000000e+00 6.2519298e+00 1.2000000e+01 5.0000000e+00 6.0000000e+00
  1.7000000e+01]
 [0.0000000e+00 5.7570553e+00 1.3000000e+01 5.0000000e+00 6.0000000e+00
  1.7000000e+01]
 [0.0000000e+00 5.2730885e+00 1.4000000e+01 5.0000000e+00 6.0000000e+00
  1.7000000e+01]]
2025-04-22 16:35:06,085 - INFO - ========== 测试结果 ==========
2025-04-22 16:35:06,085 - INFO - 测试损失: 0.2172
2025-04-22 16:35:06,086 - INFO - ========== 评估指标 ==========
2025-04-22 16:35:06,086 - INFO - MSE: 0.2172
2025-04-22 16:35:06,086 - INFO - MAE: 0.5295
2025-04-22 16:35:06,086 - INFO - RMSE: 0.6762
2025-04-22 16:35:06,086 - INFO - MAPE: 24.7253
2025-04-22 16:35:06,086 - INFO - SMAPE: 19.8664
2025-04-22 16:35:06,086 - INFO - R2: 0.8535
2025-04-22 16:35:06,086 - INFO - NRMSE: 0.1007
